{"level":"info","message":"servidor corriendo"}
{"level":"info","message":"[conexión a SQLSERVER] iniciando..."}
{"level":"info","message":"[conexión a SQLSERVER] Configuración exitosa."}
{"level":"info","message":"[conexión a MYSQLWORBENCH] iniciando..."}
{"level":"info","message":"[conexión a MYSQLWORBENCH] Configuración exitosa."}
{"level":"info","message":"[conexión a SQLSERVER] Conexión establecida correctamente."}
{"level":"info","message":"[conexión a MYSQLWORBENCH] Conexión establecida correctamente."}
{"level":"info","message":"servidor corriendo"}
{"level":"info","message":"[conexión a SQLSERVER] iniciando..."}
{"level":"info","message":"[conexión a SQLSERVER] Configuración exitosa."}
{"level":"info","message":"[conexión a MYSQLWORBENCH] iniciando..."}
{"level":"info","message":"[conexión a MYSQLWORBENCH] Configuración exitosa."}
{"level":"info","message":"[conexión a SQLSERVER] Conexión establecida correctamente."}
{"level":"info","message":"[conexión a MYSQLWORBENCH] Conexión establecida correctamente."}
{"level":"info","message":"servidor corriendo"}
{"level":"info","message":"[conexión a SQLSERVER] iniciando..."}
{"level":"info","message":"[conexión a SQLSERVER] Configuración exitosa."}
{"level":"info","message":"[conexión a MYSQLWORBENCH] iniciando..."}
{"level":"info","message":"[conexión a MYSQLWORBENCH] Configuración exitosa."}
{"level":"info","message":"[conexión a SQLSERVER] Conexión establecida correctamente."}
{"level":"info","message":"[conexión a MYSQLWORBENCH] Conexión establecida correctamente."}
{"level":"info","message":"servidor corriendo"}
{"level":"info","message":"[conexión a SQLSERVER] iniciando..."}
{"level":"info","message":"[conexión a SQLSERVER] Configuración exitosa."}
{"level":"info","message":"[conexión a MYSQLWORBENCH] iniciando..."}
{"level":"info","message":"[conexión a MYSQLWORBENCH] Configuración exitosa."}
{"level":"info","message":"[Buscar registros] Iniciando proceso..."}
{"level":"info","message":"[conexión a SQLSERVER] Conexión establecida correctamente."}
{"level":"info","message":"[conexión a MYSQLWORBENCH] Conexión establecida correctamente."}
{"level":"info","message":"servidor corriendo"}
{"level":"info","message":"[conexión a SQLSERVER] iniciando..."}
{"level":"info","message":"[conexión a SQLSERVER] Configuración exitosa."}
{"level":"info","message":"[conexión a MYSQLWORBENCH] iniciando..."}
{"level":"info","message":"[conexión a MYSQLWORBENCH] Configuración exitosa."}
{"level":"info","message":"[Buscar registros] Iniciando proceso..."}
{"level":"info","message":"[conexión a SQLSERVER] Conexión establecida correctamente."}
{"level":"info","message":"[conexión a MYSQLWORBENCH] Conexión establecida correctamente."}
{"level":"info","message":"[MVsync] Iniciando proceso..."}
{"level":"info","message":"[insertarEnOtraTabla] Iniciando... 3862 registros a insertar"}
{"level":"error","message":"[insertarEnOtraTabla] Error: Estatustlmkw.findAll is not a function"}
{"level":"error","message":"[MVsync] Error crítico: Estatustlmkw.findAll is not a function"}
{"level":"info","message":"[MVsync] Iniciando proceso..."}
{"level":"info","message":"[insertarEnOtraTabla] Iniciando... 3976 registros a insertar"}
{"level":"error","message":"[insertarEnOtraTabla] Error: Estatustlmkw.findAll is not a function"}
{"level":"error","message":"[MVsync] Error crítico: Estatustlmkw.findAll is not a function"}
{"level":"info","message":"[MVsync] Iniciando proceso..."}
{"level":"info","message":"[insertarEnOtraTabla] Iniciando... 3988 registros a insertar"}
{"level":"error","message":"[insertarEnOtraTabla] Error: Estatustlmkw.findAll is not a function"}
{"level":"error","message":"[MVsync] Error crítico: Estatustlmkw.findAll is not a function"}
{"level":"info","message":"servidor corriendo"}
{"level":"info","message":"[conexión a SQLSERVER] iniciando..."}
{"level":"info","message":"[conexión a SQLSERVER] Configuración exitosa."}
{"level":"info","message":"[conexión a MYSQLWORBENCH] iniciando..."}
{"level":"info","message":"[conexión a MYSQLWORBENCH] Configuración exitosa."}
{"level":"info","message":"[Buscar registros] Iniciando proceso..."}
{"level":"info","message":"[conexión a SQLSERVER] Conexión establecida correctamente."}
{"level":"info","message":"[conexión a MYSQLWORBENCH] Conexión establecida correctamente."}
{"level":"info","message":"[MVsync] Iniciando proceso..."}
{"level":"info","message":"[insertarEnOtraTabla] Iniciando... 4117 registros a insertar"}
{"level":"info","message":"[insertarEnOtraTabla] Finalizado. Insertados: 4117, Duplicados omitidos: 0"}
{"level":"info","message":"[MVsync] Insertados 4117 registros en destino"}
{"level":"info","message":"[MVsync] Lote 1: 1000 borrados"}
{"level":"info","message":"[MVsync] Lote 2: 1000 borrados"}
{"level":"info","message":"[MVsync] Lote 3: 1000 borrados"}
{"level":"info","message":"[MVsync] Lote 4: 1000 borrados"}
{"level":"info","message":"[MVsync] Lote 5: 117 borrados"}
{"level":"info","message":"[MVsync] Total borrados: 4117/4117"}
{"level":"info","message":"[MVsync] Proceso finalizado! :)"}
{"level":"info","message":"servidor corriendo"}
{"level":"info","message":"[conexión a SQLSERVER] iniciando..."}
{"level":"info","message":"[conexión a SQLSERVER] Configuración exitosa."}
{"level":"info","message":"[conexión a MYSQLWORBENCH] iniciando..."}
{"level":"info","message":"[conexión a MYSQLWORBENCH] Configuración exitosa."}
{"level":"info","message":"[Buscar registros] Iniciando proceso..."}
{"level":"info","message":"[conexión a SQLSERVER] Conexión establecida correctamente."}
{"level":"info","message":"[conexión a MYSQLWORBENCH] Conexión establecida correctamente."}
{"level":"info","message":"[Busqueda] Iniciando proceso..."}
{"level":"info","message":"[MVsync] Iniciando proceso..."}
{"level":"info","message":"[insertarEnOtraTabla] Iniciando... 130 registros a insertar"}
{"level":"info","message":"[insertarEnOtraTabla] Finalizado. Insertados: 130, Duplicados omitidos: 0"}
{"level":"info","message":"[MVsync] Insertados 130 registros en destino"}
{"level":"info","message":"[MVsync] Lote 1: 130 borrados"}
{"level":"info","message":"[MVsync] Total borrados: 130/130"}
{"level":"info","message":"[MVsync] Proceso finalizado! :)"}
{"level":"info","message":"[Busqueda] Iniciando proceso..."}
{"level":"info","message":"[MVsync] Iniciando proceso..."}
{"level":"info","message":"[insertarEnOtraTabla] Iniciando... 4 registros a insertar"}
{"level":"info","message":"[insertarEnOtraTabla] Finalizado. Insertados: 4, Duplicados omitidos: 0"}
{"level":"info","message":"[MVsync] Insertados 4 registros en destino"}
{"level":"info","message":"[MVsync] Lote 1: 4 borrados"}
{"level":"info","message":"[MVsync] Total borrados: 4/4"}
{"level":"info","message":"[MVsync] Proceso finalizado! :)"}
