{"level":"info","message":"servidor corriendo"}
{"level":"info","message":"[conexión a SQLSERVER] iniciando..."}
{"level":"info","message":"[conexión a SQLSERVER] Configuración exitosa."}
{"level":"info","message":"[conexión a MYSQLWORBENCH] iniciando..."}
{"level":"info","message":"[conexión a MYSQLWORBENCH] Configuración exitosa."}
{"level":"info","message":"[Buscar registros] Iniciando proceso..."}
{"level":"info","message":"[Buscar registros] Validación de campos"}
{"level":"info","message":"[Buscar registros] Construcción dinámica del WHERE"}
{"level":"info","message":"[Buscar registros] Formateo de fecha."}
{"level":"info","message":"[Buscar registros] Funcion de busqueda."}
{"level":"info","message":"[Buscar registros] Funcion de promesas con status de venta y vales pendientes"}
{"level":"info","message":"[Buscar registros] Vales obtenidos"}
{"level":"info","message":"[Buscar registros] Función finalizada."}
{"level":"info","message":"[Buscar registros] Iniciando proceso..."}
{"level":"info","message":"[Buscar registros] Validación de campos"}
{"level":"info","message":"[Buscar registros] Construcción dinámica del WHERE"}
{"level":"info","message":"[Buscar registros] Formateo de fecha."}
{"level":"info","message":"[Buscar registros] Funcion de busqueda."}
{"level":"info","message":"[Buscar registros] Funcion de promesas con status de venta y vales pendientes"}
{"level":"info","message":"[Buscar registros] Vales obtenidos"}
{"level":"info","message":"[Buscar registros] Función finalizada."}
{"level":"info","message":"servidor corriendo"}
{"level":"info","message":"[conexión a SQLSERVER] iniciando..."}
{"level":"info","message":"[conexión a SQLSERVER] Configuración exitosa."}
{"level":"info","message":"[conexión a MYSQLWORBENCH] iniciando..."}
{"level":"info","message":"[conexión a MYSQLWORBENCH] Configuración exitosa."}
{"level":"info","message":"[Buscar registros] Iniciando proceso..."}
{"level":"info","message":"[Buscar registros] Validación de campos"}
{"level":"info","message":"[Buscar registros] Construcción dinámica del WHERE"}
{"level":"info","message":"[Buscar registros] Formateo de fecha."}
{"level":"info","message":"[Buscar registros] Funcion de busqueda."}
{"level":"info","message":"[Buscar registros] Funcion de promesas con status de venta y vales pendientes"}
{"level":"info","message":"[Buscar registros] Vales obtenidos"}
{"level":"info","message":"[Buscar registros] Función finalizada."}
{"level":"info","message":"[Vales detalle] Iniciando proceso..."}
{"level":"info","message":"[Vales detalle] Resultados obtenidos"}
{"level":"info","message":"[Buscar registros] Iniciando proceso..."}
{"level":"info","message":"[Buscar registros] Validación de campos"}
{"level":"info","message":"[Buscar registros] Construcción dinámica del WHERE"}
{"level":"info","message":"[Buscar registros] Funcion de busqueda."}
{"level":"info","message":"[Buscar registros] Se busca por bordero, aplicando lógica de priorización."}
{"level":"info","message":"[Buscar registros] 138 registros después de la priorización."}
{"level":"info","message":"[Buscar registros] Funcion de promesas con status de venta y vales pendientes"}
{"level":"info","message":"[Buscar registros] Vales obtenidos"}
{"level":"info","message":"[Buscar registros] Función finalizada."}
{"level":"info","message":"servidor corriendo"}
{"level":"info","message":"[conexión a SQLSERVER] iniciando..."}
{"level":"info","message":"[conexión a SQLSERVER] Configuración exitosa."}
{"level":"info","message":"[conexión a MYSQLWORBENCH] iniciando..."}
{"level":"info","message":"[conexión a MYSQLWORBENCH] Configuración exitosa."}
{"level":"info","message":"[Buscar registros] Iniciando proceso..."}
{"level":"info","message":"[Buscar registros] Validación de campos"}
{"level":"info","message":"[Buscar registros] Construcción dinámica del WHERE"}
{"level":"info","message":"[Buscar registros] Formateo de fecha."}
{"level":"info","message":"[Buscar registros] Funcion de busqueda."}
{"level":"error","message":"[Buscar registros] Error al buscar registros: Unknown column 'estatusEntrega' in 'field list'"}
{"level":"info","message":"servidor corriendo"}
{"level":"info","message":"[conexión a SQLSERVER] iniciando..."}
{"level":"info","message":"[conexión a SQLSERVER] Configuración exitosa."}
{"level":"info","message":"[conexión a MYSQLWORBENCH] iniciando..."}
{"level":"info","message":"[conexión a MYSQLWORBENCH] Configuración exitosa."}
{"level":"info","message":"[Buscar registros] Iniciando proceso..."}
{"level":"info","message":"[Buscar registros] Validación de campos"}
{"level":"info","message":"[Buscar registros] Construcción dinámica del WHERE"}
{"level":"info","message":"[Buscar registros] Formateo de fecha."}
{"level":"info","message":"[Buscar registros] Funcion de busqueda."}
{"level":"info","message":"[Buscar registros] Funcion de promesas con status de venta y vales pendientes"}
{"level":"info","message":"[Buscar registros] Vales obtenidos"}
{"level":"info","message":"[Buscar registros] Función finalizada."}
{"level":"info","message":"[Vales detalle] Iniciando proceso..."}
{"level":"info","message":"[Vales detalle] Resultados obtenidos"}
{"level":"info","message":"[Vales detalle] Iniciando proceso..."}
{"level":"info","message":"[Vales detalle] Resultados obtenidos"}
{"level":"info","message":"[Vales detalle] Iniciando proceso..."}
{"level":"info","message":"[Vales detalle] Resultados obtenidos"}
{"level":"info","message":"servidor corriendo"}
{"level":"info","message":"[conexión a SQLSERVER] iniciando..."}
{"level":"info","message":"[conexión a SQLSERVER] Configuración exitosa."}
{"level":"info","message":"[conexión a MYSQLWORBENCH] iniciando..."}
{"level":"info","message":"[conexión a MYSQLWORBENCH] Configuración exitosa."}
{"level":"info","message":"[Buscar registros] Iniciando proceso..."}
{"level":"info","message":"[Buscar registros] Validación de campos"}
{"level":"info","message":"[Buscar registros] Construcción dinámica del WHERE"}
{"level":"info","message":"[Buscar registros] Formateo de fecha."}
{"level":"info","message":"[Buscar registros] Funcion de busqueda."}
{"level":"info","message":"[Buscar registros] Funcion de promesas con status de venta y vales pendientes"}
{"level":"error","message":"[Buscar registros] Error al buscar registros: resultadosAFiltrar.map is not a function"}
{"level":"info","message":"[Buscar registros] Iniciando proceso..."}
{"level":"info","message":"[Buscar registros] Validación de campos"}
{"level":"info","message":"[Buscar registros] Construcción dinámica del WHERE"}
{"level":"info","message":"[Buscar registros] Formateo de fecha."}
{"level":"info","message":"[Buscar registros] Funcion de busqueda."}
{"level":"info","message":"[Buscar registros] Funcion de promesas con status de venta y vales pendientes"}
{"level":"error","message":"[Buscar registros] Error al buscar registros: resultadosAFiltrar.map is not a function"}
{"level":"info","message":"servidor corriendo"}
{"level":"info","message":"[conexión a SQLSERVER] iniciando..."}
{"level":"info","message":"[conexión a SQLSERVER] Configuración exitosa."}
{"level":"info","message":"[conexión a MYSQLWORBENCH] iniciando..."}
{"level":"info","message":"[conexión a MYSQLWORBENCH] Configuración exitosa."}
{"level":"info","message":"[Buscar registros] Iniciando proceso..."}
{"level":"info","message":"[Buscar registros] Validación de campos"}
{"level":"info","message":"[Buscar registros] Construcción dinámica del WHERE"}
{"level":"info","message":"[Buscar registros] Formateo de fecha."}
{"level":"info","message":"[Buscar registros] Funcion de busqueda."}
{"level":"info","message":"[Buscar registros] Funcion de promesas con status de venta y vales pendientes"}
{"level":"info","message":"[Buscar registros] Vales obtenidos"}
{"level":"info","message":"[Buscar registros] Función finalizada."}
{"level":"info","message":"[Buscar registros] Iniciando proceso..."}
{"level":"info","message":"[Buscar registros] Validación de campos"}
{"level":"info","message":"[Buscar registros] Construcción dinámica del WHERE"}
{"level":"info","message":"[Buscar registros] Funcion de busqueda."}
{"level":"info","message":"[Buscar registros] Se busca por bordero, aplicando lógica de priorización."}
{"level":"info","message":"[Buscar registros] 138 registros después de la priorización."}
{"level":"info","message":"[Buscar registros] Funcion de promesas con status de venta y vales pendientes"}
{"level":"info","message":"[Buscar registros] Vales obtenidos"}
{"level":"info","message":"[Buscar registros] Función finalizada."}
{"level":"info","message":"[Vales detalle] Iniciando proceso..."}
{"level":"info","message":"[Vales detalle] Resultados obtenidos"}
{"level":"info","message":"[Vales detalle] Iniciando proceso..."}
{"level":"info","message":"[Vales detalle] Resultados obtenidos"}
{"level":"info","message":"servidor corriendo"}
{"level":"info","message":"[conexión a SQLSERVER] iniciando..."}
{"level":"info","message":"[conexión a SQLSERVER] Configuración exitosa."}
{"level":"info","message":"[conexión a MYSQLWORBENCH] iniciando..."}
{"level":"info","message":"[conexión a MYSQLWORBENCH] Configuración exitosa."}
{"level":"info","message":"[Buscar registros] Iniciando proceso..."}
{"level":"info","message":"[Buscar registros] Funcion de promesas con status de venta y vales pendientes"}
{"level":"info","message":"[Buscar registros] Vales obtenidos"}
{"level":"info","message":"[Buscar registros] Función finalizada."}
{"level":"info","message":"[Vales detalle] Iniciando proceso..."}
{"level":"info","message":"[Vales detalle] Resultados obtenidos"}
{"level":"info","message":"servidor corriendo"}
{"level":"info","message":"[conexión a SQLSERVER] iniciando..."}
{"level":"info","message":"[conexión a SQLSERVER] Configuración exitosa."}
{"level":"info","message":"[conexión a MYSQLWORBENCH] iniciando..."}
{"level":"info","message":"[conexión a MYSQLWORBENCH] Configuración exitosa."}
{"level":"info","message":"[Buscar registros] Iniciando proceso..."}
{"level":"info","message":"[Buscar registros] Funcion de promesas con status de venta y vales pendientes"}
{"level":"info","message":"[Buscar registros] Vales obtenidos"}
{"level":"info","message":"[Buscar registros] Función finalizada."}
{"level":"info","message":"servidor corriendo"}
{"level":"info","message":"[conexión a SQLSERVER] iniciando..."}
{"level":"info","message":"[conexión a SQLSERVER] Configuración exitosa."}
{"level":"info","message":"[conexión a MYSQLWORBENCH] iniciando..."}
{"level":"info","message":"[conexión a MYSQLWORBENCH] Configuración exitosa."}
{"level":"info","message":"[Buscar registros] Iniciando proceso..."}
{"level":"info","message":"[Buscar registros] Funcion de promesas con status de venta y vales pendientes"}
{"level":"info","message":"[Buscar registros] Vales obtenidos"}
{"level":"info","message":"[Buscar registros] Función finalizada."}
{"level":"info","message":"[Buscar registros] Iniciando proceso..."}
{"level":"info","message":"[Buscar registros] Buscando por bordero. Agrupando y priorizando resultados."}
{"level":"info","message":"[Buscar registros] 12 registros únicos después de la priorización."}
{"level":"info","message":"[Buscar registros] Funcion de promesas con status de venta y vales pendientes"}
{"level":"info","message":"[Buscar registros] Vales obtenidos"}
{"level":"info","message":"[Buscar registros] Función finalizada."}
{"level":"info","message":"[Buscar registros] Iniciando proceso..."}
{"level":"info","message":"[Buscar registros] Funcion de promesas con status de venta y vales pendientes"}
{"level":"info","message":"[Buscar registros] Vales obtenidos"}
{"level":"info","message":"[Buscar registros] Función finalizada."}
{"level":"info","message":"[Buscar registros] Iniciando proceso..."}
{"level":"info","message":"[Buscar registros] Buscando por bordero. Agrupando y priorizando resultados."}
{"level":"info","message":"[Buscar registros] 12 registros únicos después de la priorización."}
{"level":"info","message":"[Buscar registros] Funcion de promesas con status de venta y vales pendientes"}
{"level":"info","message":"[Buscar registros] Vales obtenidos"}
{"level":"info","message":"[Buscar registros] Función finalizada."}
{"level":"info","message":"[Buscar registros] Iniciando proceso..."}
{"level":"info","message":"[Buscar registros] Funcion de promesas con status de venta y vales pendientes"}
{"level":"info","message":"[Buscar registros] Vales obtenidos"}
{"level":"info","message":"[Buscar registros] Función finalizada."}
{"level":"info","message":"[Vales detalle] Iniciando proceso..."}
{"level":"info","message":"[Vales detalle] Resultados obtenidos"}
{"level":"info","message":"servidor corriendo"}
{"level":"info","message":"[conexión a SQLSERVER] iniciando..."}
{"level":"info","message":"[conexión a SQLSERVER] Configuración exitosa."}
{"level":"info","message":"[conexión a MYSQLWORBENCH] iniciando..."}
{"level":"info","message":"[conexión a MYSQLWORBENCH] Configuración exitosa."}
{"level":"info","message":"[Buscar registros] Iniciando proceso..."}
{"level":"info","message":"[Buscar registros] Validación de campos"}
{"level":"info","message":"[Buscar registros] Construcción dinámica del WHERE"}
{"level":"info","message":"[Buscar registros] Formateo de fecha."}
{"level":"info","message":"[Buscar registros] Funcion de busqueda."}
{"level":"info","message":"[Buscar registros] Funcion de promesas con status de venta y vales pendientes"}
{"level":"info","message":"[Buscar registros] Vales obtenidos"}
{"level":"info","message":"[Buscar registros] Función finalizada."}
{"level":"info","message":"servidor corriendo"}
{"level":"info","message":"[conexión a SQLSERVER] iniciando..."}
{"level":"info","message":"[conexión a SQLSERVER] Configuración exitosa."}
{"level":"info","message":"[conexión a MYSQLWORBENCH] iniciando..."}
{"level":"info","message":"[conexión a MYSQLWORBENCH] Configuración exitosa."}
{"level":"info","message":"[Buscar registros] Iniciando proceso..."}
{"level":"info","message":"[Buscar registros] Validación de campos"}
{"level":"info","message":"[Buscar registros] Construcción dinámica del WHERE"}
{"level":"info","message":"[Buscar registros] Formateo de fecha."}
{"level":"info","message":"[Buscar registros] Funcion de busqueda."}
{"level":"info","message":"[Buscar registros] Funcion de promesas con status de venta y vales pendientes"}
{"level":"info","message":"[Buscar registros] Vales obtenidos"}
{"level":"info","message":"[Buscar registros] Función finalizada."}
{"level":"info","message":"servidor corriendo"}
{"level":"info","message":"[conexión a SQLSERVER] iniciando..."}
{"level":"info","message":"[conexión a SQLSERVER] Configuración exitosa."}
{"level":"info","message":"[conexión a MYSQLWORBENCH] iniciando..."}
{"level":"info","message":"[conexión a MYSQLWORBENCH] Configuración exitosa."}
{"level":"info","message":"[Buscar registros] Iniciando proceso..."}
{"level":"info","message":"[Buscar registros] Validación de campos"}
{"level":"info","message":"[Buscar registros] Construcción dinámica del WHERE"}
{"level":"info","message":"[Buscar registros] Formateo de fecha."}
{"level":"info","message":"[Buscar registros] Funcion de busqueda."}
{"level":"info","message":"[Buscar registros] Funcion de promesas con status de venta y vales pendientes"}
{"level":"info","message":"[Buscar registros] Vales obtenidos"}
{"level":"info","message":"[Buscar registros] Función finalizada."}
{"level":"info","message":"servidor corriendo"}
{"level":"info","message":"[conexión a SQLSERVER] iniciando..."}
{"level":"info","message":"[conexión a SQLSERVER] Configuración exitosa."}
{"level":"info","message":"[conexión a MYSQLWORBENCH] iniciando..."}
{"level":"info","message":"[conexión a MYSQLWORBENCH] Configuración exitosa."}
{"level":"info","message":"[Buscar registros] Iniciando proceso..."}
{"level":"info","message":"[Buscar registros] Validación de campos"}
{"level":"info","message":"[Buscar registros] Construcción dinámica del WHERE"}
{"level":"info","message":"[Buscar registros] Formateo de fecha."}
{"level":"info","message":"[Buscar registros] Funcion de busqueda."}
{"level":"info","message":"[Buscar registros] Funcion de promesas con status de venta y vales pendientes"}
{"level":"info","message":"[Buscar registros] Vales obtenidos"}
{"level":"info","message":"[Buscar registros] Función finalizada."}
{"level":"info","message":"[Buscar registros] Iniciando proceso..."}
{"level":"info","message":"[Buscar registros] Validación de campos"}
{"level":"info","message":"[Buscar registros] Construcción dinámica del WHERE"}
{"level":"info","message":"[Buscar registros] Formateo de fecha."}
{"level":"info","message":"[Buscar registros] Funcion de busqueda."}
{"level":"info","message":"[Buscar registros] Funcion de promesas con status de venta y vales pendientes"}
{"level":"info","message":"[Buscar registros] Vales obtenidos"}
{"level":"info","message":"[Buscar registros] Función finalizada."}
{"level":"info","message":"[Buscar registros] Iniciando proceso..."}
{"level":"info","message":"[Buscar registros] Validación de campos"}
{"level":"info","message":"[Buscar registros] Construcción dinámica del WHERE"}
{"level":"info","message":"[Buscar registros] Formateo de fecha."}
{"level":"info","message":"[Buscar registros] Funcion de busqueda."}
{"level":"info","message":"[Buscar registros] Funcion de promesas con status de venta y vales pendientes"}
{"level":"info","message":"[Buscar registros] Vales obtenidos"}
{"level":"info","message":"[Buscar registros] Función finalizada."}
{"level":"info","message":"[Buscar registros] Iniciando proceso..."}
{"level":"info","message":"[Buscar registros] Validación de campos"}
{"level":"info","message":"[Buscar registros] Construcción dinámica del WHERE"}
{"level":"info","message":"[Buscar registros] Formateo de fecha."}
{"level":"info","message":"[Buscar registros] Funcion de busqueda."}
{"level":"info","message":"[Buscar registros] Funcion de promesas con status de venta y vales pendientes"}
{"level":"info","message":"[Buscar registros] Vales obtenidos"}
{"level":"info","message":"[Buscar registros] Función finalizada."}
{"level":"info","message":"servidor corriendo"}
{"level":"info","message":"[conexión a SQLSERVER] iniciando..."}
{"level":"info","message":"[conexión a SQLSERVER] Configuración exitosa."}
{"level":"info","message":"[conexión a MYSQLWORBENCH] iniciando..."}
{"level":"info","message":"[conexión a MYSQLWORBENCH] Configuración exitosa."}
{"level":"info","message":"[Buscar registros] Iniciando proceso..."}
{"level":"info","message":"[Buscar registros] Validación de campos"}
{"level":"info","message":"[Buscar registros] Construcción dinámica del WHERE"}
{"level":"info","message":"[Buscar registros] Formateo de fecha."}
{"level":"info","message":"[Buscar registros] Funcion de busqueda."}
{"level":"info","message":"[Buscar registros] Funcion de promesas con status de venta y vales pendientes"}
{"level":"info","message":"[Buscar registros] Vales obtenidos"}
{"level":"info","message":"[Buscar registros] Función finalizada."}
{"level":"info","message":"[Buscar registros] Iniciando proceso..."}
{"level":"info","message":"[Buscar registros] Validación de campos"}
{"level":"info","message":"[Buscar registros] Construcción dinámica del WHERE"}
{"level":"info","message":"[Buscar registros] Formateo de fecha."}
{"level":"info","message":"[Buscar registros] Funcion de busqueda."}
{"level":"info","message":"[Buscar registros] Funcion de promesas con status de venta y vales pendientes"}
{"level":"info","message":"[Buscar registros] Vales obtenidos"}
{"level":"info","message":"[Buscar registros] Función finalizada."}
{"level":"info","message":"servidor corriendo"}
{"level":"info","message":"[conexión a SQLSERVER] iniciando..."}
{"level":"info","message":"[conexión a SQLSERVER] Configuración exitosa."}
{"level":"info","message":"[conexión a MYSQLWORBENCH] iniciando..."}
{"level":"info","message":"[conexión a MYSQLWORBENCH] Configuración exitosa."}
{"level":"info","message":"servidor corriendo"}
{"level":"info","message":"[conexión a SQLSERVER] iniciando..."}
{"level":"info","message":"[conexión a SQLSERVER] Configuración exitosa."}
{"level":"info","message":"[conexión a MYSQLWORBENCH] iniciando..."}
{"level":"info","message":"[conexión a MYSQLWORBENCH] Configuración exitosa."}
{"level":"info","message":"servidor corriendo"}
{"level":"info","message":"[conexión a SQLSERVER] iniciando..."}
{"level":"info","message":"[conexión a SQLSERVER] Configuración exitosa."}
{"level":"info","message":"[conexión a MYSQLWORBENCH] iniciando..."}
{"level":"info","message":"[conexión a MYSQLWORBENCH] Configuración exitosa."}
{"level":"info","message":"[Buscar registros] Iniciando proceso..."}
{"level":"info","message":"[Buscar registros] Validación de campos"}
{"level":"info","message":"[Buscar registros] Construcción dinámica del WHERE"}
{"level":"info","message":"[Buscar registros] Formateo de fecha."}
{"level":"info","message":"[Buscar registros] Funcion de busqueda."}
{"level":"info","message":"[Buscar registros] Funcion de promesas con status de venta y vales pendientes"}
{"level":"info","message":"[Buscar registros] Vales obtenidos"}
{"level":"info","message":"[Buscar registros] Función finalizada."}
