{"level":"info","message":"[MVsync] Iniciando proceso..."}
{"level":"info","message":"[insertarEnOtraTabla] Iniciando... 127 registros a insertar"}
{"level":"info","message":"[insertarEnOtraTabla] Verificación de campos duplicados en base"}
{"level":"info","message":"[insertarEnOtraTabla] Inserción de campos"}
{"level":"info","message":"[insertarEnOtraTabla] Finalizado. Insertados: 127, Duplicados omitidos: 0"}
{"level":"info","message":"[MVsync] Insertados 127 registros en destino"}
{"level":"info","message":"[MVsync] Lote 1: 127 borrados"}
{"level":"info","message":"[MVsync] Total borrados: 127/127"}
{"level":"info","message":"[MVsync] Proceso finalizado! :)"}
{"level":"info","message":"[Buscar registros] Iniciando proceso..."}
{"level":"info","message":"[Buscar registros] Validación de campos"}
{"level":"info","message":"[Buscar registros] Construcción dinámica del WHERE"}
{"level":"info","message":"[Buscar registros] Formateo de fecha."}
{"level":"info","message":"[Buscar registros] Funcion de busqueda."}
{"level":"info","message":"[Buscar registros] 20 registros únicos encontrados."}
{"level":"info","message":"[Buscar registros] Funcion de promesa con status de venta y vales pendientes"}
{"level":"info","message":"[Buscar registros] Vales obtenidos"}
{"level":"info","message":"[Buscar registros] Función finalizada."}
{"level":"info","message":"[Buscar registros] Iniciando proceso..."}
{"level":"info","message":"[Buscar registros] Validación de campos"}
{"level":"info","message":"[Buscar registros] Construcción dinámica del WHERE"}
{"level":"info","message":"[Buscar registros] Formateo de fecha."}
{"level":"info","message":"[Buscar registros] Funcion de busqueda."}
{"level":"info","message":"[Buscar registros] 20 registros únicos encontrados."}
{"level":"info","message":"[Buscar registros] Funcion de promesa con status de venta y vales pendientes"}
{"level":"info","message":"[Buscar registros] Vales obtenidos"}
{"level":"info","message":"[Buscar registros] Función finalizada."}
{"level":"info","message":"[Buscar registros] Iniciando proceso..."}
{"level":"info","message":"[Buscar registros] Validación de campos"}
{"level":"info","message":"[Buscar registros] Construcción dinámica del WHERE"}
{"level":"info","message":"[Buscar registros] Formateo de fecha."}
{"level":"info","message":"[Buscar registros] Funcion de busqueda."}
{"level":"info","message":"[Buscar registros] 4 registros únicos encontrados."}
{"level":"info","message":"[Buscar registros] Funcion de promesa con status de venta y vales pendientes"}
{"level":"info","message":"[Buscar registros] Vales obtenidos"}
{"level":"info","message":"[Buscar registros] Función finalizada."}
