{"level":"info","message":"servidor corriendo"}
{"level":"info","message":"[conexión a SQLSERVER] iniciando..."}
{"level":"info","message":"[conexión a SQLSERVER] Configuración exitosa."}
{"level":"info","message":"[conexión a MYSQLWORBENCH] iniciando..."}
{"level":"info","message":"[conexión a MYSQLWORBENCH] Configuración exitosa."}
{"level":"info","message":"[Buscar registros] Iniciando proceso..."}
{"level":"info","message":"[Buscar registros] Validación de campos"}
{"level":"info","message":"[Buscar registros] Construcción dinámica del WHERE"}
{"level":"info","message":"[Buscar registros] Formateo de fecha."}
{"level":"info","message":"[Buscar registros] Funcion de busqueda."}
{"level":"warn","message":"Error al consultar VALES para 014619-CFK: Cannot read properties of undefined (reading 'SELECT')"}
{"level":"warn","message":"Error al consultar VALES para 014627-CFK: Cannot read properties of undefined (reading 'SELECT')"}
{"level":"warn","message":"Error al consultar VALES para 014625-CFK: Cannot read properties of undefined (reading 'SELECT')"}
{"level":"warn","message":"Error al consultar VALES para 014627-CFK: Cannot read properties of undefined (reading 'SELECT')"}
{"level":"warn","message":"Error al consultar VALES para 014619-CFK: Cannot read properties of undefined (reading 'SELECT')"}
{"level":"warn","message":"Error al consultar VALES para 014625-CFK: Cannot read properties of undefined (reading 'SELECT')"}
{"level":"warn","message":"Error al consultar VALES para 014625-CFK: Cannot read properties of undefined (reading 'SELECT')"}
{"level":"warn","message":"Error al consultar VALES para 014624-CFK: Cannot read properties of undefined (reading 'SELECT')"}
{"level":"warn","message":"Error al consultar VALES para 014624-CFK: Cannot read properties of undefined (reading 'SELECT')"}
{"level":"warn","message":"Error al consultar VALES para 014619-CFK: Cannot read properties of undefined (reading 'SELECT')"}
{"level":"warn","message":"Error al consultar VALES para 014618-CFK: Cannot read properties of undefined (reading 'SELECT')"}
{"level":"warn","message":"Error al consultar VALES para 014622-CFK: Cannot read properties of undefined (reading 'SELECT')"}
{"level":"warn","message":"Error al consultar VALES para 014616-CFK: Cannot read properties of undefined (reading 'SELECT')"}
{"level":"warn","message":"Error al consultar VALES para 014607-CFK: Cannot read properties of undefined (reading 'SELECT')"}
{"level":"warn","message":"Error al consultar VALES para 014608-CFK: Cannot read properties of undefined (reading 'SELECT')"}
{"level":"warn","message":"Error al consultar VALES para 014619-CFK: Cannot read properties of undefined (reading 'SELECT')"}
{"level":"warn","message":"Error al consultar VALES para 014622-CFK: Cannot read properties of undefined (reading 'SELECT')"}
{"level":"warn","message":"Error al consultar VALES para 014618-CFK: Cannot read properties of undefined (reading 'SELECT')"}
{"level":"warn","message":"Error al consultar VALES para 014609-CFK: Cannot read properties of undefined (reading 'SELECT')"}
{"level":"warn","message":"Error al consultar VALES para 014610-CFK: Cannot read properties of undefined (reading 'SELECT')"}
{"level":"warn","message":"Error al consultar VALES para 014615-CFK: Cannot read properties of undefined (reading 'SELECT')"}
{"level":"info","message":"servidor corriendo"}
{"level":"info","message":"[conexión a SQLSERVER] iniciando..."}
{"level":"info","message":"[conexión a SQLSERVER] Configuración exitosa."}
{"level":"info","message":"[conexión a MYSQLWORBENCH] iniciando..."}
{"level":"info","message":"[conexión a MYSQLWORBENCH] Configuración exitosa."}
{"level":"info","message":"[Buscar registros] Iniciando proceso..."}
{"level":"info","message":"[Buscar registros] Validación de campos"}
{"level":"info","message":"[Buscar registros] Construcción dinámica del WHERE"}
{"level":"info","message":"[Buscar registros] Formateo de fecha."}
{"level":"info","message":"[Buscar registros] Funcion de busqueda."}
{"level":"info","message":"[MVsync] Iniciando proceso..."}
{"level":"info","message":"[insertarEnOtraTabla] Iniciando... 241 registros a insertar"}
{"level":"info","message":"[insertarEnOtraTabla] Finalizado. Insertados: 241, Duplicados omitidos: 0"}
{"level":"info","message":"[MVsync] Insertados 241 registros en destino"}
{"level":"info","message":"[MVsync] Lote 1: 241 borrados"}
{"level":"info","message":"[MVsync] Total borrados: 241/241"}
{"level":"info","message":"[MVsync] Proceso finalizado! :)"}
