{"level":"info","message":"[conexión a SQLSERVER] iniciando..."}
{"level":"info","message":"[conexión a SQLSERVER] Configuración exitosa."}
{"level":"info","message":"[conexión a MYSQLWORBENCH] iniciando..."}
{"level":"info","message":"[conexión a MYSQLWORBENCH] Configuración exitosa."}
{"level":"info","message":"servidor corriendo"}
{"level":"info","message":"[Buscar registros] Iniciando proceso..."}
{"level":"info","message":"[Buscar registros] Validación de campos"}
{"level":"info","message":"[Buscar registros] Construcción dinámica del WHERE"}
{"level":"info","message":"[Buscar registros] Formateo de fecha."}
{"level":"info","message":"[Buscar registros] Función de búsqueda optimizada."}
{"level":"info","message":"[Buscar registros] Registros únicos filtrados: 30"}
{"level":"info","message":"[Buscar registros] Ejecutando consultas batch para 13 numbors y 27 serie-docto únicos."}
{"level":"info","message":"[Buscar registros] Consultas batch completadas. Estatus: 0, Vales: 2"}
{"level":"info","message":"[Buscar registros] Función finalizada con 30 registros."}
{"level":"info","message":"[conexión a SQLSERVER] iniciando..."}
{"level":"info","message":"[conexión a SQLSERVER] Configuración exitosa."}
{"level":"info","message":"[conexión a MYSQLWORBENCH] iniciando..."}
{"level":"info","message":"[conexión a MYSQLWORBENCH] Configuración exitosa."}
{"level":"info","message":"servidor corriendo"}
{"level":"info","message":"[Buscar registros] Iniciando proceso..."}
{"level":"info","message":"[Buscar registros] Validación de campos"}
{"level":"info","message":"[Buscar registros] Construcción dinámica del WHERE"}
{"level":"info","message":"[Buscar registros] Formateo de fecha."}
{"level":"info","message":"[Buscar registros] Funcion de busqueda."}
{"level":"info","message":"[Buscar registros] Vales obtenidos"}
{"level":"info","message":"[Buscar registros] Función finalizada."}
{"level":"info","message":"[MVsync] Iniciando proceso..."}
{"level":"info","message":"[insertarEnOtraTabla] Iniciando... 27 registros a insertar"}
{"level":"info","message":"[insertarEnOtraTabla] Verificación de campos duplicados en base"}
{"level":"info","message":"[insertarEnOtraTabla] Inserción de campos"}
{"level":"info","message":"[insertarEnOtraTabla] Finalizado. Insertados: 27, Duplicados omitidos: 0"}
{"level":"info","message":"[MVsync] Insertados 27 registros en destino"}
{"level":"info","message":"[MVsync] Lote 1: 27 borrados"}
{"level":"info","message":"[MVsync] Total borrados: 27/27"}
{"level":"info","message":"[MVsync] Proceso finalizado! :)"}
