{"level":"info","message":"servidor corriendo"}
{"level":"info","message":"[conexión a base de datos] iniciando..."}
{"level":"info","message":"[conexión a base de datos] Configuración exitosa."}
{"level":"info","message":"[conexión a base de datos] Configuración exitosa."}
{"level":"info","message":"[conexión a base de datos] Conexión establecida correctamente."}
{"level":"info","message":"servidor corriendo"}
{"level":"info","message":"[conexión a SQLSERVER] iniciando..."}
{"level":"info","message":"[conexión a SQLSERVER] Configuración exitosa."}
{"level":"info","message":"[conexión a MYSQLWORBENCH] Configuración exitosa."}
{"level":"info","message":"[conexión a SQLSERVER] Conexión establecida correctamente."}
{"level":"info","message":"[conexión a MYSQLWORBENCH] Conexión establecida correctamente."}
{"level":"info","message":"servidor corriendo"}
{"level":"info","message":"[conexión a SQLSERVER] iniciando..."}
{"level":"info","message":"[conexión a SQLSERVER] Configuración exitosa."}
{"level":"info","message":"[conexión a MYSQLWORBENCH] iniciando..."}
{"level":"info","message":"[conexión a MYSQLWORBENCH] Configuración exitosa."}
{"level":"info","message":"[conexión a SQLSERVER] Conexión establecida correctamente."}
{"level":"info","message":"[conexión a MYSQLWORBENCH] Conexión establecida correctamente."}
{"level":"info","message":"servidor corriendo"}
{"level":"info","message":"[conexión a SQLSERVER] iniciando..."}
{"level":"info","message":"[conexión a SQLSERVER] Configuración exitosa."}
{"level":"info","message":"[conexión a MYSQLWORBENCH] iniciando..."}
{"level":"info","message":"[conexión a MYSQLWORBENCH] Configuración exitosa."}
{"level":"info","message":"[conexión a SQLSERVER] Conexión establecida correctamente."}
{"level":"info","message":"[conexión a MYSQLWORBENCH] Conexión establecida correctamente."}
{"level":"info","message":"servidor corriendo"}
{"level":"info","message":"[conexión a SQLSERVER] iniciando..."}
{"level":"info","message":"[conexión a SQLSERVER] Configuración exitosa."}
{"level":"info","message":"[conexión a MYSQLWORBENCH] iniciando..."}
{"level":"info","message":"[conexión a MYSQLWORBENCH] Configuración exitosa."}
{"level":"info","message":"[conexión a SQLSERVER] Conexión establecida correctamente."}
{"level":"info","message":"[conexión a MYSQLWORBENCH] Conexión establecida correctamente."}
{"level":"info","message":"servidor corriendo"}
{"level":"info","message":"[conexión a SQLSERVER] iniciando..."}
{"level":"info","message":"[conexión a SQLSERVER] Configuración exitosa."}
{"level":"info","message":"[conexión a MYSQLWORBENCH] iniciando..."}
{"level":"info","message":"[conexión a MYSQLWORBENCH] Configuración exitosa."}
{"level":"info","message":"[conexión a SQLSERVER] Conexión establecida correctamente."}
{"level":"info","message":"[conexión a MYSQLWORBENCH] Conexión establecida correctamente."}
{"level":"info","message":"servidor corriendo"}
{"level":"info","message":"[conexión a SQLSERVER] iniciando..."}
{"level":"info","message":"[conexión a SQLSERVER] Configuración exitosa."}
{"level":"info","message":"[conexión a MYSQLWORBENCH] iniciando..."}
{"level":"info","message":"[conexión a MYSQLWORBENCH] Configuración exitosa."}
{"level":"info","message":"[conexión a SQLSERVER] Conexión establecida correctamente."}
{"level":"info","message":"[conexión a MYSQLWORBENCH] Conexión establecida correctamente."}
{"level":"info","message":"servidor corriendo"}
{"level":"info","message":"[conexión a SQLSERVER] iniciando..."}
{"level":"info","message":"[conexión a SQLSERVER] Configuración exitosa."}
{"level":"info","message":"[conexión a MYSQLWORBENCH] iniciando..."}
{"level":"info","message":"[conexión a MYSQLWORBENCH] Configuración exitosa."}
{"level":"info","message":"[conexión a SQLSERVER] Conexión establecida correctamente."}
{"level":"info","message":"[conexión a MYSQLWORBENCH] Conexión establecida correctamente."}
{"level":"info","message":"[MVsync] Iniciando proceso..."}
{"level":"info","message":"[insertarEnOtraTabla] Iniciando... 21397 registros a insertar"}
{"level":"info","message":"[insertarEnOtraTabla] Inserción completada"}
{"level":"info","message":"[MVsync] Insertados 21397 registros en destino"}
{"level":"error","message":"[MVsync] Error crítico: Timeout: Request failed to complete in 15000ms"}
