{"level":"info","message":"servidor corriendo"}
{"level":"info","message":"[conexión a SQLSERVER] iniciando..."}
{"level":"info","message":"[conexión a SQLSERVER] Configuración exitosa."}
{"level":"info","message":"[conexión a MYSQLWORBENCH] iniciando..."}
{"level":"info","message":"[conexión a MYSQLWORBENCH] Configuración exitosa."}
{"level":"info","message":"[Buscar registros] Iniciando proceso..."}
{"level":"info","message":"[conexión a SQLSERVER] Conexión establecida correctamente."}
{"level":"info","message":"[conexión a MYSQLWORBENCH] Conexión establecida correctamente."}
{"level":"info","message":"[Busqueda] Iniciando proceso..."}
{"level":"info","message":"[MVsync] Iniciando proceso..."}
{"level":"info","message":"[insertarEnOtraTabla] Iniciando... 466 registros a insertar"}
{"level":"info","message":"[insertarEnOtraTabla] Finalizado. Insertados: 466, Duplicados omitidos: 0"}
{"level":"info","message":"[MVsync] Insertados 466 registros en destino"}
{"level":"info","message":"[MVsync] Lote 1: 466 borrados"}
{"level":"info","message":"[MVsync] Total borrados: 466/466"}
{"level":"info","message":"[MVsync] Proceso finalizado! :)"}
{"level":"info","message":"[Busqueda] Iniciando proceso..."}
{"level":"info","message":"[MVsync] Iniciando proceso..."}
{"level":"info","message":"[insertarEnOtraTabla] Iniciando... 197 registros a insertar"}
{"level":"info","message":"[insertarEnOtraTabla] Finalizado. Insertados: 197, Duplicados omitidos: 0"}
{"level":"info","message":"[MVsync] Insertados 197 registros en destino"}
{"level":"info","message":"[MVsync] Lote 1: 197 borrados"}
{"level":"info","message":"[MVsync] Total borrados: 197/197"}
{"level":"info","message":"[MVsync] Proceso finalizado! :)"}
{"level":"info","message":"[Busqueda] Iniciando proceso..."}
{"level":"info","message":"[MVsync] Iniciando proceso..."}
{"level":"info","message":"[insertarEnOtraTabla] Iniciando... 1 registros a insertar"}
{"level":"info","message":"[insertarEnOtraTabla] Finalizado. Insertados: 1, Duplicados omitidos: 0"}
{"level":"info","message":"[MVsync] Insertados 1 registros en destino"}
{"level":"info","message":"[MVsync] Lote 1: 1 borrados"}
{"level":"info","message":"[MVsync] Total borrados: 1/1"}
{"level":"info","message":"[MVsync] Proceso finalizado! :)"}
{"level":"info","message":"[Busqueda] Iniciando proceso..."}
{"level":"info","message":"[MVsync] Iniciando proceso..."}
{"level":"info","message":"[insertarEnOtraTabla] Iniciando... 50 registros a insertar"}
{"level":"info","message":"[insertarEnOtraTabla] Finalizado. Insertados: 50, Duplicados omitidos: 0"}
{"level":"info","message":"[MVsync] Insertados 50 registros en destino"}
{"level":"info","message":"[MVsync] Lote 1: 50 borrados"}
{"level":"info","message":"[MVsync] Total borrados: 50/50"}
{"level":"info","message":"[MVsync] Proceso finalizado! :)"}
{"level":"info","message":"[Busqueda] Iniciando proceso..."}
{"level":"info","message":"[MVsync] Iniciando proceso..."}
{"level":"info","message":"[Busqueda] Iniciando proceso..."}
{"level":"info","message":"[MVsync] Iniciando proceso..."}
{"level":"info","message":"[Busqueda] Iniciando proceso..."}
{"level":"info","message":"[MVsync] Iniciando proceso..."}
{"level":"info","message":"[insertarEnOtraTabla] Iniciando... 1 registros a insertar"}
{"level":"info","message":"[insertarEnOtraTabla] Finalizado. Insertados: 1, Duplicados omitidos: 0"}
{"level":"info","message":"[MVsync] Insertados 1 registros en destino"}
{"level":"info","message":"[MVsync] Lote 1: 1 borrados"}
{"level":"info","message":"[MVsync] Total borrados: 1/1"}
{"level":"info","message":"[MVsync] Proceso finalizado! :)"}
{"level":"info","message":"[Busqueda] Iniciando proceso..."}
{"level":"info","message":"[MVsync] Iniciando proceso..."}
{"level":"info","message":"[insertarEnOtraTabla] Iniciando... 3 registros a insertar"}
{"level":"info","message":"[insertarEnOtraTabla] Finalizado. Insertados: 3, Duplicados omitidos: 0"}
{"level":"info","message":"[MVsync] Insertados 3 registros en destino"}
{"level":"info","message":"[MVsync] Lote 1: 3 borrados"}
{"level":"info","message":"[MVsync] Total borrados: 3/3"}
{"level":"info","message":"[MVsync] Proceso finalizado! :)"}
{"level":"info","message":"[Busqueda] Iniciando proceso..."}
{"level":"info","message":"[MVsync] Iniciando proceso..."}
{"level":"info","message":"[insertarEnOtraTabla] Iniciando... 4 registros a insertar"}
{"level":"info","message":"[insertarEnOtraTabla] Finalizado. Insertados: 4, Duplicados omitidos: 0"}
{"level":"info","message":"[MVsync] Insertados 4 registros en destino"}
{"level":"info","message":"[MVsync] Lote 1: 4 borrados"}
{"level":"info","message":"[MVsync] Total borrados: 4/4"}
{"level":"info","message":"[MVsync] Proceso finalizado! :)"}
{"level":"info","message":"servidor corriendo"}
{"level":"info","message":"[conexión a SQLSERVER] iniciando..."}
{"level":"info","message":"[conexión a SQLSERVER] Configuración exitosa."}
{"level":"info","message":"[conexión a MYSQLWORBENCH] iniciando..."}
{"level":"info","message":"[conexión a MYSQLWORBENCH] Configuración exitosa."}
{"level":"info","message":"[Buscar registros] Iniciando proceso..."}
{"level":"info","message":"[conexión a SQLSERVER] Conexión establecida correctamente."}
{"level":"info","message":"[conexión a MYSQLWORBENCH] Conexión establecida correctamente."}
